  main.cpp
C:\Users\USER\Documents\GitHub\Proyecto_final\main.cpp(12,46): warning C4244: 'argumento': conversión de 'float' a 'unsigned int'; posible pérdida de datos
C:\Users\USER\Documents\GitHub\Proyecto_final\main.cpp(12,33): warning C4244: 'argumento': conversión de 'float' a 'unsigned int'; posible pérdida de datos
C:\Users\USER\Documents\GitHub\Proyecto_final\main.cpp(13,55): warning C4244: 'argumento': conversión de 'T' a 'float'; posible pérdida de datos
          with
          [
              T=unsigned int
          ]
C:\Users\USER\Documents\GitHub\Proyecto_final\main.cpp(13,37): warning C4244: 'argumento': conversión de 'T' a 'float'; posible pérdida de datos
          with
          [
              T=unsigned int
          ]
C:\Users\USER\Documents\GitHub\Proyecto_final\main.cpp(59,62): warning C4244: 'argumento': conversión de 'float' a 'unsigned int'; posible pérdida de datos
C:\Users\USER\Documents\GitHub\Proyecto_final\main.cpp(59,49): warning C4244: 'argumento': conversión de 'float' a 'unsigned int'; posible pérdida de datos
C:\Users\USER\Documents\GitHub\Proyecto_final\main.cpp(60,65): warning C4244: 'argumento': conversión de 'float' a 'unsigned int'; posible pérdida de datos
C:\Users\USER\Documents\GitHub\Proyecto_final\main.cpp(60,52): warning C4244: 'argumento': conversión de 'float' a 'unsigned int'; posible pérdida de datos
C:\Users\USER\Documents\GitHub\Proyecto_final\main.cpp(61,63): warning C4244: 'argumento': conversión de 'float' a 'unsigned int'; posible pérdida de datos
C:\Users\USER\Documents\GitHub\Proyecto_final\main.cpp(61,50): warning C4244: 'argumento': conversión de 'float' a 'unsigned int'; posible pérdida de datos
  BattleRoyale.vcxproj -> C:\Users\USER\Documents\GitHub\Proyecto_final\x64\Debug\BattleRoyale.exe
